# JRE version: OpenJDK Runtime Environment (15.0+36) (build 15+36-1562)
# Java VM: OpenJDK 64-Bit Server VM (15+36-1562, mixed mode, tiered, compressed oops, g1 gc, windows-amd64)
GC Precious Log:
 CPUs: 8 total, 8 available
 Memory: 3993M
 Large Page Support: Disabled
 NUMA Support: Disabled
 Compressed Oops: Enabled (32-bit)
 Heap Region Size: 1M
 Heap Min Capacity: 8M
 Heap Initial Capacity: 64M
 Heap Max Capacity: 1000M
 Pre-touch: Disabled
 Parallel Workers: 8
 Concurrent Workers: 2
 Concurrent Refinement Workers: 8
 Periodic GC: Disabled
Heap:
 garbage-first heap   total 65536K, used 26838K [0x00000000c1800000, 0x0000000100000000)
  region size 1024K, 3 young (3072K), 2 survivors (2048K)
 Metaspace       used 59991K, capacity 60512K, committed 60572K, reserved 1101824K
  class space    used 7228K, capacity 7412K, committed 7424K, reserved 1048576K
GC Heap History (20 events):
Event: 4.044 GC heap before
{Heap before GC invocations=12 (full 0):
 garbage-first heap   total 45056K, used 30283K [0x00000000c1800000, 0x0000000100000000)
  region size 1024K, 17 young (17408K), 1 survivors (1024K)
 Metaspace       used 36414K, capacity 36800K, committed 37020K, reserved 1081344K
  class space    used 4225K, capacity 4321K, committed 4352K, reserved 1048576K
}
Event: 4.045 GC heap after
{Heap after GC invocations=13 (full 0):
 garbage-first heap   total 45056K, used 15108K [0x00000000c1800000, 0x0000000100000000)
  region size 1024K, 1 young (1024K), 1 survivors (1024K)
 Metaspace       used 36414K, capacity 36800K, committed 37020K, reserved 1081344K
  class space    used 4225K, capacity 4321K, committed 4352K, reserved 1048576K
}
Event: 4.048 GC heap before
{Heap before GC invocations=13 (full 0):
 garbage-first heap   total 45056K, used 31492K [0x00000000c1800000, 0x0000000100000000)
  region size 1024K, 18 young (18432K), 1 survivors (1024K)
 Metaspace       used 36414K, capacity 36800K, committed 37020K, reserved 1081344K
  class space    used 4225K, capacity 4321K, committed 4352K, reserved 1048576K
}
Event: 4.050 GC heap after
{Heap after GC invocations=14 (full 0):
 garbage-first heap   total 54272K, used 15121K [0x00000000c1800000, 0x0000000100000000)
  region size 1024K, 1 young (1024K), 1 survivors (1024K)
 Metaspace       used 36414K, capacity 36800K, committed 37020K, reserved 1081344K
  class space    used 4225K, capacity 4321K, committed 4352K, reserved 1048576K
}
Event: 4.181 GC heap before
{Heap before GC invocations=14 (full 0):
 garbage-first heap   total 54272K, used 39697K [0x00000000c1800000, 0x0000000100000000)
  region size 1024K, 26 young (26624K), 1 survivors (1024K)
 Metaspace       used 37018K, capacity 37376K, committed 37660K, reserved 1083392K
  class space    used 4280K, capacity 4385K, committed 4480K, reserved 1048576K
}
Event: 4.183 GC heap after
{Heap after GC invocations=15 (full 0):
 garbage-first heap   total 54272K, used 15300K [0x00000000c1800000, 0x0000000100000000)
  region size 1024K, 2 young (2048K), 2 survivors (2048K)
 Metaspace       used 37018K, capacity 37376K, committed 37660K, reserved 1083392K
  class space    used 4280K, capacity 4385K, committed 4480K, reserved 1048576K
}
Event: 4.194 GC heap before
{Heap before GC invocations=15 (full 0):
 garbage-first heap   total 54272K, used 39876K [0x00000000c1800000, 0x0000000100000000)
  region size 1024K, 27 young (27648K), 2 survivors (2048K)
 Metaspace       used 37020K, capacity 37376K, committed 37660K, reserved 1083392K
  class space    used 4280K, capacity 4385K, committed 4480K, reserved 1048576K
}
Event: 4.196 GC heap after
{Heap after GC invocations=16 (full 0):
 garbage-first heap   total 54272K, used 15193K [0x00000000c1800000, 0x0000000100000000)
  region size 1024K, 1 young (1024K), 1 survivors (1024K)
 Metaspace       used 37020K, capacity 37376K, committed 37660K, reserved 1083392K
  class space    used 4280K, capacity 4385K, committed 4480K, reserved 1048576K
}
Event: 4.854 GC heap before
{Heap before GC invocations=16 (full 0):
 garbage-first heap   total 54272K, used 42841K [0x00000000c1800000, 0x0000000100000000)
  region size 1024K, 28 young (28672K), 1 survivors (1024K)
 Metaspace       used 42133K, capacity 42541K, committed 42780K, reserved 1087488K
  class space    used 4856K, capacity 4975K, committed 4992K, reserved 1048576K
}
Event: 4.858 GC heap after
{Heap after GC invocations=17 (full 0):
 garbage-first heap   total 54272K, used 18077K [0x00000000c1800000, 0x0000000100000000)
  region size 1024K, 4 young (4096K), 4 survivors (4096K)
 Metaspace       used 42133K, capacity 42541K, committed 42780K, reserved 1087488K
  class space    used 4856K, capacity 4975K, committed 4992K, reserved 1048576K
}
Event: 5.314 GC heap before
{Heap before GC invocations=17 (full 0):
 garbage-first heap   total 54272K, used 40605K [0x00000000c1800000, 0x0000000100000000)
  region size 1024K, 27 young (27648K), 4 survivors (4096K)
 Metaspace       used 47178K, capacity 47604K, committed 47772K, reserved 1091584K
  class space    used 5439K, capacity 5592K, committed 5632K, reserved 1048576K
}
Event: 5.318 GC heap after
{Heap after GC invocations=18 (full 0):
 garbage-first heap   total 54272K, used 20203K [0x00000000c1800000, 0x0000000100000000)
  region size 1024K, 3 young (3072K), 3 survivors (3072K)
 Metaspace       used 47178K, capacity 47604K, committed 47772K, reserved 1091584K
  class space    used 5439K, capacity 5592K, committed 5632K, reserved 1048576K
}
Event: 5.423 GC heap before
{Heap before GC invocations=18 (full 0):
 garbage-first heap   total 54272K, used 39659K [0x00000000c1800000, 0x0000000100000000)
  region size 1024K, 23 young (23552K), 3 survivors (3072K)
 Metaspace       used 48262K, capacity 48704K, committed 48924K, reserved 1093632K
  class space    used 5585K, capacity 5722K, committed 5760K, reserved 1048576K
}
Event: 5.426 GC heap after
{Heap after GC invocations=19 (full 0):
 garbage-first heap   total 54272K, used 22306K [0x00000000c1800000, 0x0000000100000000)
  region size 1024K, 3 young (3072K), 3 survivors (3072K)
 Metaspace       used 48262K, capacity 48704K, committed 48924K, reserved 1093632K
  class space    used 5585K, capacity 5722K, committed 5760K, reserved 1048576K
}
Event: 5.518 GC heap before
{Heap before GC invocations=19 (full 0):
 garbage-first heap   total 54272K, used 39714K [0x00000000c1800000, 0x0000000100000000)
  region size 1024K, 21 young (21504K), 3 survivors (3072K)
 Metaspace       used 49305K, capacity 49766K, committed 49820K, reserved 1093632K
  class space    used 5733K, capacity 5883K, committed 5888K, reserved 1048576K
}
Event: 5.520 GC heap after
{Heap after GC invocations=20 (full 0):
 garbage-first heap   total 54272K, used 23521K [0x00000000c1800000, 0x0000000100000000)
  region size 1024K, 2 young (2048K), 2 survivors (2048K)
 Metaspace       used 49305K, capacity 49766K, committed 49820K, reserved 1093632K
  class space    used 5733K, capacity 5883K, committed 5888K, reserved 1048576K
}
Event: 5.740 GC heap before
{Heap before GC invocations=20 (full 0):
 garbage-first heap   total 54272K, used 39905K [0x00000000c1800000, 0x0000000100000000)
  region size 1024K, 19 young (19456K), 2 survivors (2048K)
 Metaspace       used 51972K, capacity 52432K, committed 52636K, reserved 1095680K
  class space    used 6188K, capacity 6341K, committed 6400K, reserved 1048576K
}
Event: 5.742 GC heap after
{Heap after GC invocations=21 (full 0):
 garbage-first heap   total 54272K, used 25171K [0x00000000c1800000, 0x0000000100000000)
  region size 1024K, 3 young (3072K), 3 survivors (3072K)
 Metaspace       used 51972K, capacity 52432K, committed 52636K, reserved 1095680K
  class space    used 6188K, capacity 6341K, committed 6400K, reserved 1048576K
}
Event: 6.332 GC heap before
{Heap before GC invocations=21 (full 0):
 garbage-first heap   total 54272K, used 40531K [0x00000000c1800000, 0x0000000100000000)
  region size 1024K, 19 young (19456K), 3 survivors (3072K)
 Metaspace       used 56182K, capacity 56628K, committed 56860K, reserved 1099776K
  class space    used 6785K, capacity 6928K, committed 7040K, reserved 1048576K
}
Event: 6.338 GC heap after
{Heap after GC invocations=22 (full 0):
 garbage-first heap   total 65536K, used 26013K [0x00000000c1800000, 0x0000000100000000)
  region size 1024K, 1 young (1024K), 1 survivors (1024K)
 Metaspace       used 56182K, capacity 56628K, committed 56860K, reserved 1099776K
  class space    used 6785K, capacity 6928K, committed 7040K, reserved 1048576K
}

