# JRE version: OpenJDK Runtime Environment (15.0+36) (build 15+36-1562)
# Java VM: OpenJDK 64-Bit Server VM (15+36-1562, mixed mode, tiered, compressed oops, g1 gc, windows-amd64)
GC Precious Log:
 CPUs: 8 total, 8 available
 Memory: 3993M
 Large Page Support: Disabled
 NUMA Support: Disabled
 Compressed Oops: Enabled (32-bit)
 Heap Region Size: 1M
 Heap Min Capacity: 8M
 Heap Initial Capacity: 64M
 Heap Max Capacity: 1000M
 Pre-touch: Disabled
 Parallel Workers: 8
 Concurrent Workers: 2
 Concurrent Refinement Workers: 8
 Periodic GC: Disabled
Heap:
 garbage-first heap   total 46080K, used 27848K [0x00000000c1800000, 0x0000000100000000)
  region size 1024K, 5 young (5120K), 2 survivors (2048K)
 Metaspace       used 51092K, capacity 51558K, committed 51632K, reserved 1095680K
  class space    used 5946K, capacity 6128K, committed 6144K, reserved 1048576K
GC Heap History (20 events):
Event: 14.023 GC heap before
{Heap before GC invocations=17 (full 0):
 garbage-first heap   total 41984K, used 32730K [0x00000000c1800000, 0x0000000100000000)
  region size 1024K, 17 young (17408K), 1 survivors (1024K)
 Metaspace       used 38420K, capacity 38807K, committed 39088K, reserved 1083392K
  class space    used 4462K, capacity 4560K, committed 4608K, reserved 1048576K
}
Event: 14.025 GC heap after
{Heap after GC invocations=18 (full 0):
 garbage-first heap   total 41984K, used 17405K [0x00000000c1800000, 0x0000000100000000)
  region size 1024K, 1 young (1024K), 1 survivors (1024K)
 Metaspace       used 38420K, capacity 38807K, committed 39088K, reserved 1083392K
  class space    used 4462K, capacity 4560K, committed 4608K, reserved 1048576K
}
Event: 14.030 GC heap before
{Heap before GC invocations=18 (full 0):
 garbage-first heap   total 41984K, used 32765K [0x00000000c1800000, 0x0000000100000000)
  region size 1024K, 17 young (17408K), 1 survivors (1024K)
 Metaspace       used 38420K, capacity 38807K, committed 39088K, reserved 1083392K
  class space    used 4462K, capacity 4560K, committed 4608K, reserved 1048576K
}
Event: 14.031 GC heap after
{Heap after GC invocations=19 (full 0):
 garbage-first heap   total 41984K, used 17447K [0x00000000c1800000, 0x0000000100000000)
  region size 1024K, 1 young (1024K), 1 survivors (1024K)
 Metaspace       used 38420K, capacity 38807K, committed 39088K, reserved 1083392K
  class space    used 4462K, capacity 4560K, committed 4608K, reserved 1048576K
}
Event: 15.660 GC heap before
{Heap before GC invocations=19 (full 0):
 garbage-first heap   total 41984K, used 33831K [0x00000000c1800000, 0x0000000100000000)
  region size 1024K, 17 young (17408K), 1 survivors (1024K)
 Metaspace       used 41481K, capacity 41848K, committed 42032K, reserved 1087488K
  class space    used 4776K, capacity 4890K, committed 4992K, reserved 1048576K
}
Event: 15.664 GC heap after
{Heap after GC invocations=20 (full 0):
 garbage-first heap   total 41984K, used 18434K [0x00000000c1800000, 0x0000000100000000)
  region size 1024K, 2 young (2048K), 2 survivors (2048K)
 Metaspace       used 41481K, capacity 41848K, committed 42032K, reserved 1087488K
  class space    used 4776K, capacity 4890K, committed 4992K, reserved 1048576K
}
Event: 16.849 GC heap before
{Heap before GC invocations=20 (full 0):
 garbage-first heap   total 41984K, used 32770K [0x00000000c1800000, 0x0000000100000000)
  region size 1024K, 17 young (17408K), 2 survivors (2048K)
 Metaspace       used 45947K, capacity 46405K, committed 46640K, reserved 1091584K
  class space    used 5296K, capacity 5442K, committed 5504K, reserved 1048576K
}
Event: 16.852 GC heap after
{Heap after GC invocations=21 (full 0):
 garbage-first heap   total 41984K, used 20963K [0x00000000c1800000, 0x0000000100000000)
  region size 1024K, 3 young (3072K), 3 survivors (3072K)
 Metaspace       used 45947K, capacity 46405K, committed 46640K, reserved 1091584K
  class space    used 5296K, capacity 5442K, committed 5504K, reserved 1048576K
}
Event: 17.974 GC heap before
{Heap before GC invocations=21 (full 0):
 garbage-first heap   total 41984K, used 31203K [0x00000000c1800000, 0x0000000100000000)
  region size 1024K, 14 young (14336K), 3 survivors (3072K)
 Metaspace       used 46859K, capacity 47278K, committed 47536K, reserved 1091584K
  class space    used 5400K, capacity 5540K, committed 5632K, reserved 1048576K
}
Event: 17.979 GC heap after
{Heap after GC invocations=22 (full 0):
 garbage-first heap   total 41984K, used 21925K [0x00000000c1800000, 0x0000000100000000)
  region size 1024K, 1 young (1024K), 1 survivors (1024K)
 Metaspace       used 46859K, capacity 47278K, committed 47536K, reserved 1091584K
  class space    used 5400K, capacity 5540K, committed 5632K, reserved 1048576K
}
Event: 18.207 GC heap before
{Heap before GC invocations=22 (full 0):
 garbage-first heap   total 41984K, used 33189K [0x00000000c1800000, 0x0000000100000000)
  region size 1024K, 12 young (12288K), 1 survivors (1024K)
 Metaspace       used 47206K, capacity 47684K, committed 47792K, reserved 1091584K
  class space    used 5445K, capacity 5609K, committed 5632K, reserved 1048576K
}
Event: 18.212 GC heap after
{Heap after GC invocations=23 (full 0):
 garbage-first heap   total 41984K, used 22945K [0x00000000c1800000, 0x0000000100000000)
  region size 1024K, 2 young (2048K), 2 survivors (2048K)
 Metaspace       used 47206K, capacity 47684K, committed 47792K, reserved 1091584K
  class space    used 5445K, capacity 5609K, committed 5632K, reserved 1048576K
}
Event: 18.437 GC heap before
{Heap before GC invocations=24 (full 0):
 garbage-first heap   total 41984K, used 33185K [0x00000000c1800000, 0x0000000100000000)
  region size 1024K, 12 young (12288K), 2 survivors (2048K)
 Metaspace       used 47559K, capacity 47978K, committed 48176K, reserved 1091584K
  class space    used 5491K, capacity 5642K, committed 5760K, reserved 1048576K
}
Event: 18.440 GC heap after
{Heap after GC invocations=25 (full 0):
 garbage-first heap   total 41984K, used 23793K [0x00000000c1800000, 0x0000000100000000)
  region size 1024K, 1 young (1024K), 1 survivors (1024K)
 Metaspace       used 47559K, capacity 47978K, committed 48176K, reserved 1091584K
  class space    used 5491K, capacity 5642K, committed 5760K, reserved 1048576K
}
Event: 18.554 GC heap before
{Heap before GC invocations=25 (full 0):
 garbage-first heap   total 41984K, used 31985K [0x00000000c1800000, 0x0000000100000000)
  region size 1024K, 10 young (10240K), 1 survivors (1024K)
 Metaspace       used 48132K, capacity 48618K, committed 48688K, reserved 1091584K
  class space    used 5540K, capacity 5706K, committed 5760K, reserved 1048576K
}
Event: 18.556 GC heap after
{Heap after GC invocations=26 (full 0):
 garbage-first heap   total 41984K, used 24323K [0x00000000c1800000, 0x0000000100000000)
  region size 1024K, 2 young (2048K), 2 survivors (2048K)
 Metaspace       used 48132K, capacity 48618K, committed 48688K, reserved 1091584K
  class space    used 5540K, capacity 5706K, committed 5760K, reserved 1048576K
}
Event: 18.960 GC heap before
{Heap before GC invocations=27 (full 0):
 garbage-first heap   total 46080K, used 31491K [0x00000000c1800000, 0x0000000100000000)
  region size 1024K, 10 young (10240K), 2 survivors (2048K)
 Metaspace       used 48956K, capacity 49424K, committed 49584K, reserved 1093632K
  class space    used 5633K, capacity 5804K, committed 5888K, reserved 1048576K
}
Event: 18.962 GC heap after
{Heap after GC invocations=28 (full 0):
 garbage-first heap   total 46080K, used 25142K [0x00000000c1800000, 0x0000000100000000)
  region size 1024K, 2 young (2048K), 2 survivors (2048K)
 Metaspace       used 48956K, capacity 49424K, committed 49584K, reserved 1093632K
  class space    used 5633K, capacity 5804K, committed 5888K, reserved 1048576K
}
Event: 19.807 GC heap before
{Heap before GC invocations=28 (full 0):
 garbage-first heap   total 46080K, used 34358K [0x00000000c1800000, 0x0000000100000000)
  region size 1024K, 12 young (12288K), 2 survivors (2048K)
 Metaspace       used 50812K, capacity 51302K, committed 51632K, reserved 1095680K
  class space    used 5895K, capacity 6064K, committed 6144K, reserved 1048576K
}
Event: 19.810 GC heap after
{Heap after GC invocations=29 (full 0):
 garbage-first heap   total 46080K, used 25800K [0x00000000c1800000, 0x0000000100000000)
  region size 1024K, 2 young (2048K), 2 survivors (2048K)
 Metaspace       used 50812K, capacity 51302K, committed 51632K, reserved 1095680K
  class space    used 5895K, capacity 6064K, committed 6144K, reserved 1048576K
}

