# JRE version: OpenJDK Runtime Environment (15.0+36) (build 15+36-1562)
# Java VM: OpenJDK 64-Bit Server VM (15+36-1562, mixed mode, tiered, compressed oops, g1 gc, windows-amd64)
GC Precious Log:
 CPUs: 8 total, 8 available
 Memory: 3993M
 Large Page Support: Disabled
 NUMA Support: Disabled
 Compressed Oops: Enabled (32-bit)
 Heap Region Size: 1M
 Heap Min Capacity: 8M
 Heap Initial Capacity: 64M
 Heap Max Capacity: 1000M
 Pre-touch: Disabled
 Parallel Workers: 8
 Concurrent Workers: 2
 Concurrent Refinement Workers: 8
 Periodic GC: Disabled
Heap:
 garbage-first heap   total 79872K, used 50734K [0x00000000c1800000, 0x0000000100000000)
  region size 1024K, 23 young (23552K), 4 survivors (4096K)
 Metaspace       used 77003K, capacity 77620K, committed 77768K, reserved 1118208K
  class space    used 9565K, capacity 9790K, committed 9804K, reserved 1048576K
GC Heap History (20 events):
Event: 4.273 GC heap before
{Heap before GC invocations=18 (full 0):
 garbage-first heap   total 55296K, used 43302K [0x00000000c1800000, 0x0000000100000000)
  region size 1024K, 28 young (28672K), 2 survivors (2048K)
 Metaspace       used 38392K, capacity 38743K, committed 38832K, reserved 1083392K
  class space    used 4462K, capacity 4560K, committed 4608K, reserved 1048576K
}
Event: 4.275 GC heap after
{Heap after GC invocations=19 (full 0):
 garbage-first heap   total 55296K, used 17854K [0x00000000c1800000, 0x0000000100000000)
  region size 1024K, 2 young (2048K), 2 survivors (2048K)
 Metaspace       used 38392K, capacity 38743K, committed 38832K, reserved 1083392K
  class space    used 4462K, capacity 4560K, committed 4608K, reserved 1048576K
}
Event: 4.628 GC heap before
{Heap before GC invocations=19 (full 0):
 garbage-first heap   total 55296K, used 43454K [0x00000000c1800000, 0x0000000100000000)
  region size 1024K, 28 young (28672K), 2 survivors (2048K)
 Metaspace       used 41241K, capacity 41633K, committed 41776K, reserved 1085440K
  class space    used 4749K, capacity 4883K, committed 4992K, reserved 1048576K
}
Event: 4.631 GC heap after
{Heap after GC invocations=20 (full 0):
 garbage-first heap   total 55296K, used 18669K [0x00000000c1800000, 0x0000000100000000)
  region size 1024K, 3 young (3072K), 3 survivors (3072K)
 Metaspace       used 41241K, capacity 41633K, committed 41776K, reserved 1085440K
  class space    used 4749K, capacity 4883K, committed 4992K, reserved 1048576K
}
Event: 5.297 GC heap before
{Heap before GC invocations=20 (full 0):
 garbage-first heap   total 55296K, used 43245K [0x00000000c1800000, 0x0000000100000000)
  region size 1024K, 28 young (28672K), 3 survivors (3072K)
 Metaspace       used 47095K, capacity 47550K, committed 47792K, reserved 1091584K
  class space    used 5447K, capacity 5608K, committed 5632K, reserved 1048576K
}
Event: 5.301 GC heap after
{Heap after GC invocations=21 (full 0):
 garbage-first heap   total 55296K, used 21931K [0x00000000c1800000, 0x0000000100000000)
  region size 1024K, 4 young (4096K), 4 survivors (4096K)
 Metaspace       used 47095K, capacity 47550K, committed 47792K, reserved 1091584K
  class space    used 5447K, capacity 5608K, committed 5632K, reserved 1048576K
}
Event: 5.417 GC heap before
{Heap before GC invocations=21 (full 0):
 garbage-first heap   total 55296K, used 42411K [0x00000000c1800000, 0x0000000100000000)
  region size 1024K, 25 young (25600K), 4 survivors (4096K)
 Metaspace       used 48531K, capacity 49066K, committed 49328K, reserved 1093632K
  class space    used 5584K, capacity 5771K, committed 5888K, reserved 1048576K
}
Event: 5.422 GC heap after
{Heap after GC invocations=22 (full 0):
 garbage-first heap   total 66560K, used 23897K [0x00000000c1800000, 0x0000000100000000)
  region size 1024K, 2 young (2048K), 2 survivors (2048K)
 Metaspace       used 48531K, capacity 49066K, committed 49328K, reserved 1093632K
  class space    used 5584K, capacity 5771K, committed 5888K, reserved 1048576K
}
Event: 5.640 GC heap before
{Heap before GC invocations=22 (full 0):
 garbage-first heap   total 66560K, used 49497K [0x00000000c1800000, 0x0000000100000000)
  region size 1024K, 28 young (28672K), 2 survivors (2048K)
 Metaspace       used 50181K, capacity 50630K, committed 50736K, reserved 1093632K
  class space    used 5804K, capacity 5968K, committed 6016K, reserved 1048576K
}
Event: 5.642 GC heap after
{Heap after GC invocations=23 (full 0):
 garbage-first heap   total 66560K, used 26078K [0x00000000c1800000, 0x0000000100000000)
  region size 1024K, 4 young (4096K), 4 survivors (4096K)
 Metaspace       used 50181K, capacity 50630K, committed 50736K, reserved 1093632K
  class space    used 5804K, capacity 5968K, committed 6016K, reserved 1048576K
}
Event: 6.027 GC heap before
{Heap before GC invocations=23 (full 0):
 garbage-first heap   total 66560K, used 50654K [0x00000000c1800000, 0x0000000100000000)
  region size 1024K, 29 young (29696K), 4 survivors (4096K)
 Metaspace       used 54552K, capacity 55053K, committed 55344K, reserved 1097728K
  class space    used 6524K, capacity 6714K, committed 6784K, reserved 1048576K
}
Event: 6.032 GC heap after
{Heap after GC invocations=24 (full 0):
 garbage-first heap   total 66560K, used 28044K [0x00000000c1800000, 0x0000000100000000)
  region size 1024K, 3 young (3072K), 3 survivors (3072K)
 Metaspace       used 54552K, capacity 55053K, committed 55344K, reserved 1097728K
  class space    used 6524K, capacity 6714K, committed 6784K, reserved 1048576K
}
Event: 6.376 GC heap before
{Heap before GC invocations=24 (full 0):
 garbage-first heap   total 66560K, used 50572K [0x00000000c1800000, 0x0000000100000000)
  region size 1024K, 26 young (26624K), 3 survivors (3072K)
 Metaspace       used 58661K, capacity 59185K, committed 59312K, reserved 1101824K
  class space    used 7097K, capacity 7299K, committed 7424K, reserved 1048576K
}
Event: 6.381 GC heap after
{Heap after GC invocations=25 (full 0):
 garbage-first heap   total 66560K, used 29993K [0x00000000c1800000, 0x0000000100000000)
  region size 1024K, 4 young (4096K), 4 survivors (4096K)
 Metaspace       used 58661K, capacity 59185K, committed 59312K, reserved 1101824K
  class space    used 7097K, capacity 7299K, committed 7424K, reserved 1048576K
}
Event: 6.430 GC heap before
{Heap before GC invocations=25 (full 0):
 garbage-first heap   total 66560K, used 33065K [0x00000000c1800000, 0x0000000100000000)
  region size 1024K, 8 young (8192K), 4 survivors (4096K)
 Metaspace       used 59462K, capacity 59954K, committed 60028K, reserved 1101824K
  class space    used 7213K, capacity 7405K, committed 7424K, reserved 1048576K
}
Event: 6.435 GC heap after
{Heap after GC invocations=26 (full 0):
 garbage-first heap   total 79872K, used 30374K [0x00000000c1800000, 0x0000000100000000)
  region size 1024K, 3 young (3072K), 3 survivors (3072K)
 Metaspace       used 59462K, capacity 59954K, committed 60028K, reserved 1101824K
  class space    used 7213K, capacity 7405K, committed 7424K, reserved 1048576K
}
Event: 7.077 GC heap before
{Heap before GC invocations=27 (full 0):
 garbage-first heap   total 79872K, used 62118K [0x00000000c1800000, 0x0000000100000000)
  region size 1024K, 34 young (34816K), 3 survivors (3072K)
 Metaspace       used 65872K, capacity 66392K, committed 66632K, reserved 1107968K
  class space    used 8110K, capacity 8334K, committed 8396K, reserved 1048576K
}
Event: 7.083 GC heap after
{Heap after GC invocations=28 (full 0):
 garbage-first heap   total 79872K, used 31821K [0x00000000c1800000, 0x0000000100000000)
  region size 1024K, 4 young (4096K), 4 survivors (4096K)
 Metaspace       used 65872K, capacity 66392K, committed 66632K, reserved 1107968K
  class space    used 8110K, capacity 8334K, committed 8396K, reserved 1048576K
}
Event: 49.741 GC heap before
{Heap before GC invocations=29 (full 0):
 garbage-first heap   total 79872K, used 62541K [0x00000000c1800000, 0x0000000100000000)
  region size 1024K, 35 young (35840K), 4 survivors (4096K)
 Metaspace       used 71851K, capacity 72354K, committed 72520K, reserved 1112064K
  class space    used 8966K, capacity 9145K, committed 9164K, reserved 1048576K
}
Event: 49.747 GC heap after
{Heap after GC invocations=30 (full 0):
 garbage-first heap   total 79872K, used 33326K [0x00000000c1800000, 0x0000000100000000)
  region size 1024K, 4 young (4096K), 4 survivors (4096K)
 Metaspace       used 71851K, capacity 72354K, committed 72520K, reserved 1112064K
  class space    used 8966K, capacity 9145K, committed 9164K, reserved 1048576K
}

