# JRE version: OpenJDK Runtime Environment (15.0+36) (build 15+36-1562)
# Java VM: OpenJDK 64-Bit Server VM (15+36-1562, mixed mode, tiered, compressed oops, g1 gc, windows-amd64)
GC Precious Log:
 CPUs: 8 total, 8 available
 Memory: 3993M
 Large Page Support: Disabled
 NUMA Support: Disabled
 Compressed Oops: Enabled (32-bit)
 Heap Region Size: 1M
 Heap Min Capacity: 8M
 Heap Initial Capacity: 64M
 Heap Max Capacity: 1000M
 Pre-touch: Disabled
 Parallel Workers: 8
 Concurrent Workers: 2
 Concurrent Refinement Workers: 8
 Periodic GC: Disabled
Heap:
 garbage-first heap   total 61440K, used 37879K [0x00000000c1800000, 0x0000000100000000)
  region size 1024K, 10 young (10240K), 2 survivors (2048K)
 Metaspace       used 69308K, capacity 69877K, committed 69936K, reserved 1110016K
  class space    used 8599K, capacity 8813K, committed 8832K, reserved 1048576K
GC Heap History (20 events):
Event: 5.787 GC heap before
{Heap before GC invocations=16 (full 0):
 garbage-first heap   total 51200K, used 40295K [0x00000000c1800000, 0x0000000100000000)
  region size 1024K, 27 young (27648K), 2 survivors (2048K)
 Metaspace       used 41905K, capacity 42289K, committed 42544K, reserved 1087488K
  class space    used 4806K, capacity 4949K, committed 4992K, reserved 1048576K
}
Event: 5.791 GC heap after
{Heap after GC invocations=17 (full 0):
 garbage-first heap   total 51200K, used 18442K [0x00000000c1800000, 0x0000000100000000)
  region size 1024K, 4 young (4096K), 4 survivors (4096K)
 Metaspace       used 41905K, capacity 42289K, committed 42544K, reserved 1087488K
  class space    used 4806K, capacity 4949K, committed 4992K, reserved 1048576K
}
Event: 6.416 GC heap before
{Heap before GC invocations=17 (full 0):
 garbage-first heap   total 51200K, used 39946K [0x00000000c1800000, 0x0000000100000000)
  region size 1024K, 25 young (25600K), 4 survivors (4096K)
 Metaspace       used 46466K, capacity 46936K, committed 47280K, reserved 1091584K
  class space    used 5379K, capacity 5534K, committed 5632K, reserved 1048576K
}
Event: 6.421 GC heap after
{Heap after GC invocations=18 (full 0):
 garbage-first heap   total 51200K, used 20500K [0x00000000c1800000, 0x0000000100000000)
  region size 1024K, 3 young (3072K), 3 survivors (3072K)
 Metaspace       used 46466K, capacity 46936K, committed 47280K, reserved 1091584K
  class space    used 5379K, capacity 5534K, committed 5632K, reserved 1048576K
}
Event: 6.569 GC heap before
{Heap before GC invocations=18 (full 0):
 garbage-first heap   total 51200K, used 37908K [0x00000000c1800000, 0x0000000100000000)
  region size 1024K, 21 young (21504K), 3 survivors (3072K)
 Metaspace       used 47952K, capacity 48397K, committed 48688K, reserved 1091584K
  class space    used 5513K, capacity 5699K, committed 5760K, reserved 1048576K
}
Event: 6.572 GC heap after
{Heap after GC invocations=19 (full 0):
 garbage-first heap   total 51200K, used 22176K [0x00000000c1800000, 0x0000000100000000)
  region size 1024K, 2 young (2048K), 2 survivors (2048K)
 Metaspace       used 47952K, capacity 48397K, committed 48688K, reserved 1091584K
  class space    used 5513K, capacity 5699K, committed 5760K, reserved 1048576K
}
Event: 6.696 GC heap before
{Heap before GC invocations=19 (full 0):
 garbage-first heap   total 51200K, used 39584K [0x00000000c1800000, 0x0000000100000000)
  region size 1024K, 19 young (19456K), 2 survivors (2048K)
 Metaspace       used 48858K, capacity 49337K, committed 49584K, reserved 1093632K
  class space    used 5636K, capacity 5797K, committed 5888K, reserved 1048576K
}
Event: 6.699 GC heap after
{Heap after GC invocations=20 (full 0):
 garbage-first heap   total 51200K, used 23797K [0x00000000c1800000, 0x0000000100000000)
  region size 1024K, 2 young (2048K), 2 survivors (2048K)
 Metaspace       used 48858K, capacity 49337K, committed 49584K, reserved 1093632K
  class space    used 5636K, capacity 5797K, committed 5888K, reserved 1048576K
}
Event: 6.857 GC heap before
{Heap before GC invocations=20 (full 0):
 garbage-first heap   total 51200K, used 39157K [0x00000000c1800000, 0x0000000100000000)
  region size 1024K, 18 young (18432K), 2 survivors (2048K)
 Metaspace       used 50440K, capacity 50972K, committed 51120K, reserved 1093632K
  class space    used 5881K, capacity 6086K, committed 6144K, reserved 1048576K
}
Event: 6.860 GC heap after
{Heap after GC invocations=21 (full 0):
 garbage-first heap   total 51200K, used 24857K [0x00000000c1800000, 0x0000000100000000)
  region size 1024K, 3 young (3072K), 3 survivors (3072K)
 Metaspace       used 50440K, capacity 50972K, committed 51120K, reserved 1093632K
  class space    used 5881K, capacity 6086K, committed 6144K, reserved 1048576K
}
Event: 7.137 GC heap before
{Heap before GC invocations=21 (full 0):
 garbage-first heap   total 51200K, used 39193K [0x00000000c1800000, 0x0000000100000000)
  region size 1024K, 18 young (18432K), 3 survivors (3072K)
 Metaspace       used 53051K, capacity 53548K, committed 53808K, reserved 1097728K
  class space    used 6321K, capacity 6513K, committed 6528K, reserved 1048576K
}
Event: 7.141 GC heap after
{Heap after GC invocations=22 (full 0):
 garbage-first heap   total 51200K, used 26351K [0x00000000c1800000, 0x0000000100000000)
  region size 1024K, 3 young (3072K), 3 survivors (3072K)
 Metaspace       used 53051K, capacity 53548K, committed 53808K, reserved 1097728K
  class space    used 6321K, capacity 6513K, committed 6528K, reserved 1048576K
}
Event: 7.498 GC heap before
{Heap before GC invocations=22 (full 0):
 garbage-first heap   total 51200K, used 40687K [0x00000000c1800000, 0x0000000100000000)
  region size 1024K, 17 young (17408K), 3 survivors (3072K)
 Metaspace       used 56179K, capacity 56720K, committed 56880K, reserved 1099776K
  class space    used 6777K, capacity 6972K, committed 7040K, reserved 1048576K
}
Event: 7.503 GC heap after
{Heap after GC invocations=23 (full 0):
 garbage-first heap   total 61440K, used 27642K [0x00000000c1800000, 0x0000000100000000)
  region size 1024K, 3 young (3072K), 3 survivors (3072K)
 Metaspace       used 56179K, capacity 56720K, committed 56880K, reserved 1099776K
  class space    used 6777K, capacity 6972K, committed 7040K, reserved 1048576K
}
Event: 8.127 GC heap before
{Heap before GC invocations=24 (full 0):
 garbage-first heap   total 61440K, used 48122K [0x00000000c1800000, 0x0000000100000000)
  region size 1024K, 24 young (24576K), 3 survivors (3072K)
 Metaspace       used 61570K, capacity 62070K, committed 62256K, reserved 1103872K
  class space    used 7596K, capacity 7773K, committed 7808K, reserved 1048576K
}
Event: 8.131 GC heap after
{Heap after GC invocations=25 (full 0):
 garbage-first heap   total 61440K, used 28606K [0x00000000c1800000, 0x0000000100000000)
  region size 1024K, 3 young (3072K), 3 survivors (3072K)
 Metaspace       used 61570K, capacity 62070K, committed 62256K, reserved 1103872K
  class space    used 7596K, capacity 7773K, committed 7808K, reserved 1048576K
}
Event: 9.230 GC heap before
{Heap before GC invocations=25 (full 0):
 garbage-first heap   total 61440K, used 47038K [0x00000000c1800000, 0x0000000100000000)
  region size 1024K, 22 young (22528K), 3 survivors (3072K)
 Metaspace       used 66298K, capacity 66865K, committed 67120K, reserved 1107968K
  class space    used 8250K, capacity 8453K, committed 8576K, reserved 1048576K
}
Event: 9.234 GC heap after
{Heap after GC invocations=26 (full 0):
 garbage-first heap   total 61440K, used 29799K [0x00000000c1800000, 0x0000000100000000)
  region size 1024K, 3 young (3072K), 3 survivors (3072K)
 Metaspace       used 66298K, capacity 66865K, committed 67120K, reserved 1107968K
  class space    used 8250K, capacity 8453K, committed 8576K, reserved 1048576K
}
Event: 153.664 GC heap before
{Heap before GC invocations=26 (full 0):
 garbage-first heap   total 61440K, used 49255K [0x00000000c1800000, 0x0000000100000000)
  region size 1024K, 22 young (22528K), 3 survivors (3072K)
 Metaspace       used 69260K, capacity 69813K, committed 69936K, reserved 1110016K
  class space    used 8599K, capacity 8813K, committed 8832K, reserved 1048576K
}
Event: 153.705 GC heap after
{Heap after GC invocations=27 (full 0):
 garbage-first heap   total 61440K, used 30711K [0x00000000c1800000, 0x0000000100000000)
  region size 1024K, 2 young (2048K), 2 survivors (2048K)
 Metaspace       used 69260K, capacity 69813K, committed 69936K, reserved 1110016K
  class space    used 8599K, capacity 8813K, committed 8832K, reserved 1048576K
}

