# JRE version: OpenJDK Runtime Environment (15.0+36) (build 15+36-1562)
# Java VM: OpenJDK 64-Bit Server VM (15+36-1562, mixed mode, tiered, compressed oops, g1 gc, windows-amd64)
GC Precious Log:
 CPUs: 8 total, 8 available
 Memory: 3993M
 Large Page Support: Disabled
 NUMA Support: Disabled
 Compressed Oops: Enabled (32-bit)
 Heap Region Size: 1M
 Heap Min Capacity: 8M
 Heap Initial Capacity: 64M
 Heap Max Capacity: 1000M
 Pre-touch: Disabled
 Parallel Workers: 8
 Concurrent Workers: 2
 Concurrent Refinement Workers: 8
 Periodic GC: Disabled
Heap:
 garbage-first heap   total 66560K, used 53998K [0x00000000c1800000, 0x0000000100000000)
  region size 1024K, 26 young (26624K), 3 survivors (3072K)
 Metaspace       used 71085K, capacity 71750K, committed 71984K, reserved 1112064K
  class space    used 8731K, capacity 8999K, committed 9088K, reserved 1048576K
GC Heap History (20 events):
Event: 416.766 GC heap before
{Heap before GC invocations=29 (full 1):
 garbage-first heap   total 66560K, used 51208K [0x00000000c1800000, 0x0000000100000000)
  region size 1024K, 25 young (25600K), 0 survivors (0K)
 Metaspace       used 69963K, capacity 70554K, committed 70832K, reserved 1112064K
  class space    used 8689K, capacity 8889K, committed 8960K, reserved 1048576K
}
Event: 416.770 GC heap after
{Heap after GC invocations=30 (full 1):
 garbage-first heap   total 66560K, used 27599K [0x00000000c1800000, 0x0000000100000000)
  region size 1024K, 2 young (2048K), 2 survivors (2048K)
 Metaspace       used 69963K, capacity 70554K, committed 70832K, reserved 1112064K
  class space    used 8689K, capacity 8889K, committed 8960K, reserved 1048576K
}
Event: 416.897 GC heap before
{Heap before GC invocations=30 (full 1):
 garbage-first heap   total 66560K, used 51151K [0x00000000c1800000, 0x0000000100000000)
  region size 1024K, 26 young (26624K), 2 survivors (2048K)
 Metaspace       used 70084K, capacity 70688K, committed 70832K, reserved 1112064K
  class space    used 8692K, capacity 8891K, committed 8960K, reserved 1048576K
}
Event: 416.901 GC heap after
{Heap after GC invocations=31 (full 1):
 garbage-first heap   total 66560K, used 28257K [0x00000000c1800000, 0x0000000100000000)
  region size 1024K, 3 young (3072K), 3 survivors (3072K)
 Metaspace       used 70084K, capacity 70688K, committed 70832K, reserved 1112064K
  class space    used 8692K, capacity 8891K, committed 8960K, reserved 1048576K
}
Event: 417.003 GC heap before
{Heap before GC invocations=31 (full 1):
 garbage-first heap   total 66560K, used 50785K [0x00000000c1800000, 0x0000000100000000)
  region size 1024K, 26 young (26624K), 3 survivors (3072K)
 Metaspace       used 70104K, capacity 70688K, committed 70832K, reserved 1112064K
  class space    used 8692K, capacity 8891K, committed 8960K, reserved 1048576K
}
Event: 417.006 GC heap after
{Heap after GC invocations=32 (full 1):
 garbage-first heap   total 66560K, used 28225K [0x00000000c1800000, 0x0000000100000000)
  region size 1024K, 1 young (1024K), 1 survivors (1024K)
 Metaspace       used 70104K, capacity 70688K, committed 70832K, reserved 1112064K
  class space    used 8692K, capacity 8891K, committed 8960K, reserved 1048576K
}
Event: 417.358 GC heap before
{Heap before GC invocations=32 (full 1):
 garbage-first heap   total 66560K, used 51777K [0x00000000c1800000, 0x0000000100000000)
  region size 1024K, 25 young (25600K), 1 survivors (1024K)
 Metaspace       used 70346K, capacity 71011K, committed 71088K, reserved 1112064K
  class space    used 8699K, capacity 8931K, committed 8960K, reserved 1048576K
}
Event: 417.361 GC heap after
{Heap after GC invocations=33 (full 1):
 garbage-first heap   total 66560K, used 30087K [0x00000000c1800000, 0x0000000100000000)
  region size 1024K, 3 young (3072K), 3 survivors (3072K)
 Metaspace       used 70346K, capacity 71011K, committed 71088K, reserved 1112064K
  class space    used 8699K, capacity 8931K, committed 8960K, reserved 1048576K
}
Event: 417.479 GC heap before
{Heap before GC invocations=33 (full 1):
 garbage-first heap   total 66560K, used 52615K [0x00000000c1800000, 0x0000000100000000)
  region size 1024K, 25 young (25600K), 3 survivors (3072K)
 Metaspace       used 70481K, capacity 71123K, committed 71344K, reserved 1112064K
  class space    used 8705K, capacity 8942K, committed 8960K, reserved 1048576K
}
Event: 417.483 GC heap after
{Heap after GC invocations=34 (full 1):
 garbage-first heap   total 66560K, used 32037K [0x00000000c1800000, 0x0000000100000000)
  region size 1024K, 4 young (4096K), 4 survivors (4096K)
 Metaspace       used 70481K, capacity 71123K, committed 71344K, reserved 1112064K
  class space    used 8705K, capacity 8942K, committed 8960K, reserved 1048576K
}
Event: 451.515 GC heap before
{Heap before GC invocations=34 (full 1):
 garbage-first heap   total 66560K, used 50469K [0x00000000c1800000, 0x0000000100000000)
  region size 1024K, 23 young (23552K), 4 survivors (4096K)
 Metaspace       used 70647K, capacity 71251K, committed 71344K, reserved 1112064K
  class space    used 8711K, capacity 8942K, committed 8960K, reserved 1048576K
}
Event: 451.524 GC heap after
{Heap after GC invocations=35 (full 1):
 garbage-first heap   total 66560K, used 33144K [0x00000000c1800000, 0x0000000100000000)
  region size 1024K, 2 young (2048K), 2 survivors (2048K)
 Metaspace       used 70647K, capacity 71251K, committed 71344K, reserved 1112064K
  class space    used 8711K, capacity 8942K, committed 8960K, reserved 1048576K
}
Event: 491.668 GC heap before
{Heap before GC invocations=36 (full 1):
 garbage-first heap   total 66560K, used 36216K [0x00000000c1800000, 0x0000000100000000)
  region size 1024K, 6 young (6144K), 2 survivors (2048K)
 Metaspace       used 70691K, capacity 71251K, committed 71344K, reserved 1112064K
  class space    used 8712K, capacity 8942K, committed 8960K, reserved 1048576K
}
Event: 491.725 GC heap after
{Heap after GC invocations=37 (full 2):
 garbage-first heap   total 66560K, used 25775K [0x00000000c1800000, 0x0000000100000000)
  region size 1024K, 0 young (0K), 0 survivors (0K)
 Metaspace       used 70691K, capacity 71251K, committed 71344K, reserved 1112064K
  class space    used 8712K, capacity 8942K, committed 8960K, reserved 1048576K
}
Event: 492.197 GC heap before
{Heap before GC invocations=37 (full 2):
 garbage-first heap   total 66560K, used 50351K [0x00000000c1800000, 0x0000000100000000)
  region size 1024K, 24 young (24576K), 0 survivors (0K)
 Metaspace       used 70885K, capacity 71553K, committed 71600K, reserved 1112064K
  class space    used 8723K, capacity 8955K, committed 8960K, reserved 1048576K
}
Event: 492.203 GC heap after
{Heap after GC invocations=38 (full 2):
 garbage-first heap   total 66560K, used 27823K [0x00000000c1800000, 0x0000000100000000)
  region size 1024K, 2 young (2048K), 2 survivors (2048K)
 Metaspace       used 70885K, capacity 71553K, committed 71600K, reserved 1112064K
  class space    used 8723K, capacity 8955K, committed 8960K, reserved 1048576K
}
Event: 492.253 GC heap before
{Heap before GC invocations=38 (full 2):
 garbage-first heap   total 66560K, used 49327K [0x00000000c1800000, 0x0000000100000000)
  region size 1024K, 24 young (24576K), 2 survivors (2048K)
 Metaspace       used 70891K, capacity 71553K, committed 71600K, reserved 1112064K
  class space    used 8723K, capacity 8955K, committed 8960K, reserved 1048576K
}
Event: 492.260 GC heap after
{Heap after GC invocations=39 (full 2):
 garbage-first heap   total 66560K, used 28219K [0x00000000c1800000, 0x0000000100000000)
  region size 1024K, 1 young (1024K), 1 survivors (1024K)
 Metaspace       used 70891K, capacity 71553K, committed 71600K, reserved 1112064K
  class space    used 8723K, capacity 8955K, committed 8960K, reserved 1048576K
}
Event: 492.541 GC heap before
{Heap before GC invocations=39 (full 2):
 garbage-first heap   total 66560K, used 49723K [0x00000000c1800000, 0x0000000100000000)
  region size 1024K, 23 young (23552K), 1 survivors (1024K)
 Metaspace       used 70911K, capacity 71553K, committed 71600K, reserved 1112064K
  class space    used 8723K, capacity 8955K, committed 8960K, reserved 1048576K
}
Event: 492.543 GC heap after
{Heap after GC invocations=40 (full 2):
 garbage-first heap   total 66560K, used 28100K [0x00000000c1800000, 0x0000000100000000)
  region size 1024K, 1 young (1024K), 1 survivors (1024K)
 Metaspace       used 70911K, capacity 71553K, committed 71600K, reserved 1112064K
  class space    used 8723K, capacity 8955K, committed 8960K, reserved 1048576K
}

