# JRE version: OpenJDK Runtime Environment (15.0+36) (build 15+36-1562)
# Java VM: OpenJDK 64-Bit Server VM (15+36-1562, mixed mode, tiered, compressed oops, g1 gc, windows-amd64)
GC Precious Log:
 CPUs: 8 total, 8 available
 Memory: 3993M
 Large Page Support: Disabled
 NUMA Support: Disabled
 Compressed Oops: Enabled (32-bit)
 Heap Region Size: 1M
 Heap Min Capacity: 8M
 Heap Initial Capacity: 64M
 Heap Max Capacity: 1000M
 Pre-touch: Disabled
 Parallel Workers: 8
 Concurrent Workers: 2
 Concurrent Refinement Workers: 8
 Periodic GC: Disabled
Heap:
 garbage-first heap   total 97280K, used 67688K [0x00000000c1800000, 0x0000000100000000)
  region size 1024K, 39 young (39936K), 5 survivors (5120K)
 Metaspace       used 78165K, capacity 78956K, committed 79280K, reserved 1118208K
  class space    used 9580K, capacity 9863K, committed 9984K, reserved 1048576K
GC Heap History (20 events):
Event: 133.323 GC heap before
{Heap before GC invocations=34 (full 1):
 garbage-first heap   total 72704K, used 54798K [0x00000000c1800000, 0x0000000100000000)
  region size 1024K, 27 young (27648K), 3 survivors (3072K)
 Metaspace       used 76765K, capacity 77473K, committed 77616K, reserved 1118208K
  class space    used 9525K, capacity 9751K, committed 9856K, reserved 1048576K
}
Event: 133.331 GC heap after
{Heap after GC invocations=35 (full 1):
 garbage-first heap   total 72704K, used 31990K [0x00000000c1800000, 0x0000000100000000)
  region size 1024K, 2 young (2048K), 2 survivors (2048K)
 Metaspace       used 76765K, capacity 77473K, committed 77616K, reserved 1118208K
  class space    used 9525K, capacity 9751K, committed 9856K, reserved 1048576K
}
Event: 133.335 GC heap before
{Heap before GC invocations=35 (full 1):
 garbage-first heap   total 72704K, used 54518K [0x00000000c1800000, 0x0000000100000000)
  region size 1024K, 25 young (25600K), 2 survivors (2048K)
 Metaspace       used 76765K, capacity 77473K, committed 77616K, reserved 1118208K
  class space    used 9525K, capacity 9751K, committed 9856K, reserved 1048576K
}
Event: 133.342 GC heap after
{Heap after GC invocations=36 (full 1):
 garbage-first heap   total 72704K, used 31973K [0x00000000c1800000, 0x0000000100000000)
  region size 1024K, 2 young (2048K), 2 survivors (2048K)
 Metaspace       used 76765K, capacity 77473K, committed 77616K, reserved 1118208K
  class space    used 9525K, capacity 9751K, committed 9856K, reserved 1048576K
}
Event: 133.900 GC heap before
{Heap before GC invocations=37 (full 1):
 garbage-first heap   total 76800K, used 55525K [0x00000000c1800000, 0x0000000100000000)
  region size 1024K, 26 young (26624K), 2 survivors (2048K)
 Metaspace       used 76896K, capacity 77575K, committed 77872K, reserved 1118208K
  class space    used 9531K, capacity 9784K, committed 9856K, reserved 1048576K
}
Event: 133.904 GC heap after
{Heap after GC invocations=38 (full 1):
 garbage-first heap   total 76800K, used 32735K [0x00000000c1800000, 0x0000000100000000)
  region size 1024K, 3 young (3072K), 3 survivors (3072K)
 Metaspace       used 76896K, capacity 77575K, committed 77872K, reserved 1118208K
  class space    used 9531K, capacity 9784K, committed 9856K, reserved 1048576K
}
Event: 134.201 GC heap before
{Heap before GC invocations=38 (full 1):
 garbage-first heap   total 76800K, used 59359K [0x00000000c1800000, 0x0000000100000000)
  region size 1024K, 30 young (30720K), 3 survivors (3072K)
 Metaspace       used 77150K, capacity 77895K, committed 78128K, reserved 1118208K
  class space    used 9539K, capacity 9796K, committed 9856K, reserved 1048576K
}
Event: 134.210 GC heap after
{Heap after GC invocations=39 (full 1):
 garbage-first heap   total 76800K, used 34867K [0x00000000c1800000, 0x0000000100000000)
  region size 1024K, 4 young (4096K), 4 survivors (4096K)
 Metaspace       used 77150K, capacity 77895K, committed 78128K, reserved 1118208K
  class space    used 9539K, capacity 9796K, committed 9856K, reserved 1048576K
}
Event: 134.479 GC heap before
{Heap before GC invocations=39 (full 1):
 garbage-first heap   total 76800K, used 60467K [0x00000000c1800000, 0x0000000100000000)
  region size 1024K, 29 young (29696K), 4 survivors (4096K)
 Metaspace       used 77251K, capacity 77908K, committed 78128K, reserved 1118208K
  class space    used 9541K, capacity 9800K, committed 9856K, reserved 1048576K
}
Event: 134.485 GC heap after
{Heap after GC invocations=40 (full 1):
 garbage-first heap   total 76800K, used 37198K [0x00000000c1800000, 0x0000000100000000)
  region size 1024K, 3 young (3072K), 3 survivors (3072K)
 Metaspace       used 77251K, capacity 77908K, committed 78128K, reserved 1118208K
  class space    used 9541K, capacity 9800K, committed 9856K, reserved 1048576K
}
Event: 142.211 GC heap before
{Heap before GC invocations=40 (full 1):
 garbage-first heap   total 76800K, used 51534K [0x00000000c1800000, 0x0000000100000000)
  region size 1024K, 18 young (18432K), 3 survivors (3072K)
 Metaspace       used 77502K, capacity 78252K, committed 78384K, reserved 1118208K
  class space    used 9550K, capacity 9806K, committed 9856K, reserved 1048576K
}
Event: 142.276 GC heap after
{Heap after GC invocations=41 (full 2):
 garbage-first heap   total 76800K, used 28460K [0x00000000c1800000, 0x0000000100000000)
  region size 1024K, 0 young (0K), 0 survivors (0K)
 Metaspace       used 77500K, capacity 78246K, committed 78384K, reserved 1118208K
  class space    used 9550K, capacity 9804K, committed 9856K, reserved 1048576K
}
Event: 142.735 GC heap before
{Heap before GC invocations=41 (full 2):
 garbage-first heap   total 76800K, used 60204K [0x00000000c1800000, 0x0000000100000000)
  region size 1024K, 31 young (31744K), 0 survivors (0K)
 Metaspace       used 77569K, capacity 78272K, committed 78384K, reserved 1118208K
  class space    used 9553K, capacity 9809K, committed 9856K, reserved 1048576K
}
Event: 142.738 GC heap after
{Heap after GC invocations=42 (full 2):
 garbage-first heap   total 76800K, used 30887K [0x00000000c1800000, 0x0000000100000000)
  region size 1024K, 3 young (3072K), 3 survivors (3072K)
 Metaspace       used 77569K, capacity 78272K, committed 78384K, reserved 1118208K
  class space    used 9553K, capacity 9809K, committed 9856K, reserved 1048576K
}
Event: 142.929 GC heap before
{Heap before GC invocations=42 (full 2):
 garbage-first heap   total 76800K, used 58535K [0x00000000c1800000, 0x0000000100000000)
  region size 1024K, 31 young (31744K), 3 survivors (3072K)
 Metaspace       used 77670K, capacity 78425K, committed 78640K, reserved 1118208K
  class space    used 9560K, capacity 9818K, committed 9856K, reserved 1048576K
}
Event: 142.931 GC heap after
{Heap after GC invocations=43 (full 2):
 garbage-first heap   total 76800K, used 31466K [0x00000000c1800000, 0x0000000100000000)
  region size 1024K, 2 young (2048K), 2 survivors (2048K)
 Metaspace       used 77670K, capacity 78425K, committed 78640K, reserved 1118208K
  class space    used 9560K, capacity 9818K, committed 9856K, reserved 1048576K
}
Event: 142.980 GC heap before
{Heap before GC invocations=43 (full 2):
 garbage-first heap   total 76800K, used 58090K [0x00000000c1800000, 0x0000000100000000)
  region size 1024K, 29 young (29696K), 2 survivors (2048K)
 Metaspace       used 77680K, capacity 78425K, committed 78640K, reserved 1118208K
  class space    used 9560K, capacity 9818K, committed 9856K, reserved 1048576K
}
Event: 142.984 GC heap after
{Heap after GC invocations=44 (full 2):
 garbage-first heap   total 97280K, used 31552K [0x00000000c1800000, 0x0000000100000000)
  region size 1024K, 2 young (2048K), 2 survivors (2048K)
 Metaspace       used 77680K, capacity 78425K, committed 78640K, reserved 1118208K
  class space    used 9560K, capacity 9818K, committed 9856K, reserved 1048576K
}
Event: 143.261 GC heap before
{Heap before GC invocations=44 (full 2):
 garbage-first heap   total 97280K, used 75584K [0x00000000c1800000, 0x0000000100000000)
  region size 1024K, 46 young (47104K), 2 survivors (2048K)
 Metaspace       used 77945K, capacity 78697K, committed 79024K, reserved 1118208K
  class space    used 9573K, capacity 9862K, committed 9984K, reserved 1048576K
}
Event: 143.265 GC heap after
{Heap after GC invocations=45 (full 2):
 garbage-first heap   total 97280K, used 34920K [0x00000000c1800000, 0x0000000100000000)
  region size 1024K, 5 young (5120K), 5 survivors (5120K)
 Metaspace       used 77945K, capacity 78697K, committed 79024K, reserved 1118208K
  class space    used 9573K, capacity 9862K, committed 9984K, reserved 1048576K
}

